Flutter crash report.
Please report a bug at https://github.com/flutter/flutter/issues.

## command

flutter run -d chrome

## exception

DartDevelopmentServiceException: DartDevelopmentServiceException: Failed to start Dart Development Service

```
```

## flutter doctor

```
[32m[✓][39m Flutter (Channel stable, 3.38.6, on Ubuntu 26.04 LTS 7.0.0-22-generic, locale en_GB.UTF-8) [685ms]
    [32m•[39m Flutter version 3.38.6 on channel stable at /run/media/dutycall/Dutycall 1/flutter_sdk/flutter
    [32m•[39m Upstream repository https://github.com/flutter/flutter.git
    [32m•[39m Framework revision 8b87286849 (5 months ago), 2026-01-08 10:49:17 -0800
    [32m•[39m Engine revision 78fc3012e4
    [32m•[39m Dart version 3.10.7
    [32m•[39m DevTools version 2.51.1
    [32m•[39m Feature flags: enable-web, enable-linux-desktop, enable-macos-desktop, enable-windows-desktop, enable-android, enable-ios, cli-animations, enable-native-assets, omit-legacy-version-file,
      enable-lldb-debugging

[31m[✗][39m Android toolchain - develop for Android devices [66ms]
    [31m✗[39m Unable to locate Android SDK.
      Install Android Studio from: https://developer.android.com/studio/index.html
      On first launch it will assist you in installing the Android SDK components.
      (or visit https://flutter.dev/to/linux-android-setup for detailed instructions).
      If the Android SDK has been installed to a custom location, please use
      `flutter config --android-sdk` to update to that location.


[32m[✓][39m Chrome - develop for the web [21ms]
    [32m•[39m Chrome at google-chrome

[31m[✗][39m Linux toolchain - develop for Linux desktop [142ms]
    [31m✗[39m clang++ is required for Linux development.
      It is likely available from your distribution (e.g.: apt install clang), or can be downloaded from https://releases.llvm.org/
    [31m✗[39m CMake is required for Linux development.
      It is likely available from your distribution (e.g.: apt install cmake), or can be downloaded from https://cmake.org/download/
    [31m✗[39m ninja is required for Linux development.
      It is likely available from your distribution (e.g.: apt install ninja-build), or can be downloaded from https://github.com/ninja-build/ninja/releases
    [31m✗[39m pkg-config is required for Linux development.
      It is likely available from your distribution (e.g.: apt install pkg-config), or can be downloaded from https://www.freedesktop.org/wiki/Software/pkg-config/

[32m[✓][39m Connected device (2 available) [246ms]
    [32m•[39m Linux (desktop) • linux  • linux-x64      • Ubuntu 26.04 LTS 7.0.0-22-generic
    [32m•[39m Chrome (web)    • chrome • web-javascript • Google Chrome 148.0.7778.215

[32m[✓][39m Network resources [6.2s]
    [32m•[39m All expected network resources are available.

[33m![39m Doctor found issues in 2 categories.
```
